2025-06-04T12:09:32.924-03:00  INFO 13224 --- [proyecto] [main] c.proyecto.proyecto.ProyectoApplication  : Starting ProyectoApplication using Java 21 with PID 13224 (C:\Users\Usuario\Downloads\proyecto\build\classes\java\main started by Usuario in C:\Users\Usuario\Downloads\proyecto)
2025-06-04T12:09:32.930-03:00  INFO 13224 --- [proyecto] [main] c.proyecto.proyecto.ProyectoApplication  : No active profile set, falling back to 1 default profile: "default"
2025-06-04T12:09:33.636-03:00  INFO 13224 --- [proyecto] [main] .s.d.r.c.RepositoryConfigurationDelegate : Bootstrapping Spring Data JPA repositories in DEFAULT mode.
2025-06-04T12:09:33.686-03:00  INFO 13224 --- [proyecto] [main] .s.d.r.c.RepositoryConfigurationDelegate : Finished Spring Data repository scanning in 41 ms. Found 4 JPA repository interfaces.
2025-06-04T12:09:34.245-03:00  INFO 13224 --- [proyecto] [main] o.s.b.w.embedded.tomcat.TomcatWebServer  : Tomcat initialized with port 8080 (http)
2025-06-04T12:09:34.256-03:00  INFO 13224 --- [proyecto] [main] o.apache.catalina.core.StandardService   : Starting service [Tomcat]
2025-06-04T12:09:34.256-03:00  INFO 13224 --- [proyecto] [main] o.apache.catalina.core.StandardEngine    : Starting Servlet engine: [Apache Tomcat/10.1.39]
2025-06-04T12:09:34.307-03:00  INFO 13224 --- [proyecto] [main] o.a.c.c.C.[Tomcat].[localhost].[/]       : Initializing Spring embedded WebApplicationContext
2025-06-04T12:09:34.307-03:00  INFO 13224 --- [proyecto] [main] w.s.c.ServletWebServerApplicationContext : Root WebApplicationContext: initialization completed in 1343 ms
2025-06-04T12:09:34.490-03:00  INFO 13224 --- [proyecto] [main] o.hibernate.jpa.internal.util.LogHelper  : HHH000204: Processing PersistenceUnitInfo [name: default]
2025-06-04T12:09:34.539-03:00  INFO 13224 --- [proyecto] [main] org.hibernate.Version                    : HHH000412: Hibernate ORM core version 6.6.11.Final
2025-06-04T12:09:34.579-03:00  INFO 13224 --- [proyecto] [main] o.h.c.internal.RegionFactoryInitiator    : HHH000026: Second-level cache disabled
2025-06-04T12:09:34.837-03:00  INFO 13224 --- [proyecto] [main] o.s.o.j.p.SpringPersistenceUnitInfo      : No LoadTimeWeaver setup: ignoring JPA class transformer
2025-06-04T12:09:34.864-03:00  INFO 13224 --- [proyecto] [main] com.zaxxer.hikari.HikariDataSource       : HikariPool-1 - Starting...
2025-06-04T12:09:35.617-03:00  INFO 13224 --- [proyecto] [main] com.zaxxer.hikari.pool.HikariPool        : HikariPool-1 - Added connection org.postgresql.jdbc.PgConnection@604c7e9b
2025-06-04T12:09:35.620-03:00  INFO 13224 --- [proyecto] [main] com.zaxxer.hikari.HikariDataSource       : HikariPool-1 - Start completed.
2025-06-04T12:09:35.669-03:00  WARN 13224 --- [proyecto] [main] org.hibernate.orm.deprecation            : HHH90000025: PostgreSQLDialect does not need to be specified explicitly using 'hibernate.dialect' (remove the property setting and it will be selected by default)
2025-06-04T12:09:35.686-03:00  INFO 13224 --- [proyecto] [main] org.hibernate.orm.connections.pooling    : HHH10001005: Database info:
	Database JDBC URL [Connecting through datasource 'HikariDataSource (HikariPool-1)']
	Database driver: undefined/unknown
	Database version: 17.5
	Autocommit mode: undefined/unknown
	Isolation level: undefined/unknown
	Minimum pool size: undefined/unknown
	Maximum pool size: undefined/unknown
2025-06-04T12:09:36.351-03:00  INFO 13224 --- [proyecto] [main] o.h.e.t.j.p.i.JtaPlatformInitiator       : HHH000489: No JTA platform available (set 'hibernate.transaction.jta.platform' to enable JTA platform integration)
2025-06-04T12:09:36.403-03:00  INFO 13224 --- [proyecto] [main] j.LocalContainerEntityManagerFactoryBean : Initialized JPA EntityManagerFactory for persistence unit 'default'
2025-06-04T12:09:36.773-03:00  WARN 13224 --- [proyecto] [main] JpaBaseConfiguration$JpaWebConfiguration : spring.jpa.open-in-view is enabled by default. Therefore, database queries may be performed during view rendering. Explicitly configure spring.jpa.open-in-view to disable this warning
2025-06-04T12:09:36.787-03:00  WARN 13224 --- [proyecto] [main] .s.s.UserDetailsServiceAutoConfiguration : 

Using generated security password: 72587307-9662-4926-b3e7-1bc5cdcde612

This generated password is for development use only. Your security configuration must be updated before running your application in production.

2025-06-04T12:09:36.804-03:00  INFO 13224 --- [proyecto] [main] r$InitializeUserDetailsManagerConfigurer : Global AuthenticationManager configured with UserDetailsService bean with name inMemoryUserDetailsManager
2025-06-04T12:09:36.884-03:00  INFO 13224 --- [proyecto] [main] o.s.b.a.w.s.WelcomePageHandlerMapping    : Adding welcome page: class path resource [static/index.html]
2025-06-04T12:09:37.112-03:00  INFO 13224 --- [proyecto] [main] o.s.v.b.OptionalValidatorFactoryBean     : Failed to set up a Bean Validation provider: jakarta.validation.NoProviderFoundException: Unable to create a Configuration, because no Jakarta Bean Validation provider could be found. Add a provider like Hibernate Validator (RI) to your classpath.
2025-06-04T12:09:37.396-03:00  INFO 13224 --- [proyecto] [main] o.s.b.w.embedded.tomcat.TomcatWebServer  : Tomcat started on port 8080 (http) with context path '/'
2025-06-04T12:09:37.402-03:00  INFO 13224 --- [proyecto] [main] c.proyecto.proyecto.ProyectoApplication  : Started ProyectoApplication in 4.854 seconds (process running for 5.672)
